<?xml version="1.0" encoding="UTF-8"?>
<!-- Generated by org.testng.reporters.JUnitReportReporter -->
<testsuite hostname="Bakos" failures="0" tests="2" name="testCases.LoginTest" time="9.631" errors="0" timestamp="2023-11-26T11:09:17 CST" skipped="0">
  <testcase classname="testCases.LoginTest" name="productPage" time="4.464"/>
  <testcase classname="testCases.LoginTest" name="loginFailure" time="5.167"/>
</testsuite> <!-- testCases.LoginTest -->
