<?xml version="1.0" encoding="UTF-8"?>
<!-- Generated by org.testng.reporters.JUnitReportReporter -->
<testsuite hostname="Bakos" failures="0" tests="2" name="testCases.LoginTest" time="10.489" errors="0" timestamp="2024-04-06T11:14:59 CDT" skipped="0">
  <testcase classname="testCases.LoginTest" name="loginFailure" time="4.060"/>
  <testcase classname="testCases.LoginTest" name="productPage" time="6.429"/>
</testsuite> <!-- testCases.LoginTest -->
