<?xml version="1.0" encoding="UTF-8"?>
<!-- Generated by org.testng.reporters.JUnitReportReporter -->
<testsuite hostname="Bakos" failures="0" tests="2" name="testCases.LoginTest" time="10.988" errors="0" timestamp="2023-11-26T18:14:08 CST" skipped="0">
  <testcase classname="testCases.LoginTest" name="loginFailure" time="4.023"/>
  <testcase classname="testCases.LoginTest" name="productPage" time="6.965"/>
</testsuite> <!-- testCases.LoginTest -->
