<?xml version="1.0" encoding="UTF-8"?>
<!-- Generated by org.testng.reporters.JUnitReportReporter -->
<testsuite hostname="Bakos" failures="0" tests="2" name="testCases.LoginTest" time="11.279" errors="0" timestamp="2023-11-26T11:14:02 CST" skipped="0">
  <testcase classname="testCases.LoginTest" name="productPage" time="4.841"/>
  <testcase classname="testCases.LoginTest" name="loginFailure" time="6.438"/>
</testsuite> <!-- testCases.LoginTest -->
